10471 [2018-11-26 03:10:22.560] [main] [info] Identity created at 1532731591 - using ID Schema 1
10471 [2018-11-26 03:10:22.562] [main] [info] ------------- Starting Sync (gilmirmo@gmail.com) ---------------
10471 [2018-11-26 03:10:22.564] [background] [info] Fetching XOAuth2 access token from Gmail for 413eb2ed
10471 [2018-11-26 03:10:22.767] [background] [info] Marking all folders as `busy`
10471 [2018-11-26 03:10:22.768] [background] [info] Syncing folder list...
10471 [2018-11-26 03:10:23.486] [metadata] [info] Metadata delta stream starting...
10471 [2018-11-26 03:10:23.756] [background] [info] Syncing folder list...
10471 [2018-11-26 03:10:23.810] [] [critical]  *** Stack trace (line numbers are approximate):
 *** ??:?     _Rb_tree_insert_and_rebalance(bool, _Rb_tree_node_base*, _Rb_tree_node_base*, _Rb_tree_node_base&)
 *** ??:?     _Rb_tree::_M_insert_node(_Rb_tree_node_base*, _Rb_tree_node_base*, _Rb_tree_node*)
 *** ??:?     _Rb_tree_iterator _Rb_tree::_M_emplace_hint_unique(_Rb_tree_const_iterator, piecewise_construct_t const&, tuple&&, tuple&&)
 *** ??:?     map::operator[](unsigned long&&)
 *** ??:?     SetThreadName(char const*)
 *** (unknown)  clone
 ***

10511 [2018-11-26 03:10:24.100] [main] [info] Identity created at 1532731591 - using ID Schema 1
10511 [2018-11-26 03:10:24.102] [main] [info] ------------- Starting Sync (gilmirmo@gmail.com) ---------------
10511 [2018-11-26 03:10:24.104] [background] [info] Fetching XOAuth2 access token from Gmail for 413eb2ed
10511 [2018-11-26 03:10:24.105] [metadata] [info] Metadata delta stream starting...
10511 [2018-11-26 03:10:24.321] [background] [info] Marking all folders as `busy`
10511 [2018-11-26 03:10:24.324] [background] [info] Syncing folder list...
10511 [2018-11-26 03:10:25.234] [background] [info] Syncing folder list...
10511 [2018-11-26 03:10:25.489] [background] [info] syncFolderUIDRange for [Gmail]/Alle Nachrichten, UIDs: 1 - 1956, Heavy: true
10511 [2018-11-26 03:10:25.877] [background] [info] - remote=67, local=0
10511 [2018-11-26 03:10:26.022] [foreground] [info] Idling on folder [Gmail]/Alle Nachrichten
10511 [2018-11-26 03:10:26.076] [background] [info] syncFolderUIDRange for [Gmail]/Alle Nachrichten, UIDs: 1 - 1956, Heavy: false
10511 [2018-11-26 03:10:26.228] [background] [info] - remote=67, local=67
10511 [2018-11-26 03:10:32.333] [background] [info] Cleaning local cache and updating stats
10511 [2018-11-26 03:10:32.336] [background] [info] -- 0 message bodies deleted from local cache.
10511 [2018-11-26 03:10:32.466] [background] [info] syncFolderUIDRange for [Gmail]/Papierkorb, UIDs: 1 - 1526, Heavy: true
10511 [2018-11-26 03:10:32.722] [background] [info] - remote=0, local=0
10511 [2018-11-26 03:10:32.722] [background] [info] syncFolderUIDRange for [Gmail]/Papierkorb, UIDs: 1 - 1526, Heavy: false
10511 [2018-11-26 03:10:32.847] [background] [info] - remote=0, local=0
10511 [2018-11-26 03:10:32.847] [background] [info] Cleaning local cache and updating stats
10511 [2018-11-26 03:10:32.849] [background] [info] -- 0 message bodies deleted from local cache.
10511 [2018-11-26 03:10:32.977] [background] [info] syncFolderUIDRange for [Gmail]/Spam, UIDs: 1 - 395, Heavy: true
10511 [2018-11-26 03:10:33.285] [background] [info] - remote=6, local=0
10511 [2018-11-26 03:10:33.306] [background] [info] syncFolderUIDRange for [Gmail]/Spam, UIDs: 1 - 395, Heavy: false
10511 [2018-11-26 03:10:33.441] [background] [info] - remote=6, local=6
10511 [2018-11-26 03:10:33.441] [background] [info] Cleaning local cache and updating stats
10511 [2018-11-26 03:10:33.447] [background] [info] -- 0 message bodies deleted from local cache.
10511 [2018-11-26 03:10:33.454] [background] [info] Sync loop deleting unlinked messages with phase 2.
10511 [2018-11-26 03:10:33.454] [background] [info] Sync loop complete.
10511 [2018-11-26 03:10:33.454] [background] [info] Syncing folder list...
10511 [2018-11-26 03:10:33.711] [background] [info] syncFolderUIDRange for [Gmail]/Alle Nachrichten, UIDs: 1 - 0, Heavy: false
10511 [2018-11-26 03:10:33.996] [background] [info] - remote=67, local=67
10511 [2018-11-26 03:10:37.961] [background] [info] syncFolderUIDRange for [Gmail]/Papierkorb, UIDs: 1 - 0, Heavy: false
10511 [2018-11-26 03:10:38.222] [background] [info] - remote=0, local=0
10511 [2018-11-26 03:10:38.349] [background] [info] syncFolderUIDRange for [Gmail]/Spam, UIDs: 1 - 0, Heavy: false
10511 [2018-11-26 03:10:38.619] [background] [info] - remote=6, local=6
10511 [2018-11-26 03:10:38.621] [background] [info] Sync loop deleting unlinked messages with phase 1.
10511 [2018-11-26 03:10:38.621] [background] [info] Sync loop complete.
10511 [2018-11-26 03:10:38.621] [background] [info] Syncing folder list...
10511 [2018-11-26 03:10:39.107] [metadataExpiration] [info] Scanning for expired metadata
10511 [2018-11-26 03:10:39.107] [metadataExpiration] [info] -- Will wake for next expiration in 7200sec
10511 [2018-11-26 03:10:39.267] [background] [info] Sync loop deleting unlinked messages with phase 2.
10511 [2018-11-26 03:10:39.268] [background] [info] Sync loop complete.
10511 [2018-11-26 03:12:39.269] [background] [info] Syncing folder list...
10511 [2018-11-26 03:12:39.515] [background] [info] syncFolderUIDRange for [Gmail]/Alle Nachrichten, UIDs: 1 - 1956, Heavy: false
10511 [2018-11-26 03:12:39.802] [background] [info] - remote=67, local=67
10511 [2018-11-26 03:12:39.927] [background] [info] syncFolderUIDRange for [Gmail]/Papierkorb, UIDs: 1 - 1526, Heavy: false
10511 [2018-11-26 03:12:40.180] [background] [info] - remote=0, local=0
10511 [2018-11-26 03:12:40.303] [background] [info] syncFolderUIDRange for [Gmail]/Spam, UIDs: 1 - 395, Heavy: false
10511 [2018-11-26 03:12:40.580] [background] [info] - remote=6, local=6
10511 [2018-11-26 03:12:40.581] [background] [info] Sync loop deleting unlinked messages with phase 1.
10511 [2018-11-26 03:12:40.581] [background] [info] Sync loop complete.
10511 [2018-11-26 03:14:40.581] [background] [info] Syncing folder list...
10511 [2018-11-26 03:14:40.829] [background] [info] syncFolderUIDRange for [Gmail]/Alle Nachrichten, UIDs: 1 - 1956, Heavy: false
10511 [2018-11-26 03:14:41.096] [background] [info] - remote=67, local=67
10511 [2018-11-26 03:14:41.221] [background] [info] syncFolderUIDRange for [Gmail]/Papierkorb, UIDs: 1 - 1526, Heavy: false
10511 [2018-11-26 03:14:41.463] [background] [info] - remote=0, local=0
10511 [2018-11-26 03:14:41.581] [background] [info] syncFolderUIDRange for [Gmail]/Spam, UIDs: 1 - 395, Heavy: false
10511 [2018-11-26 03:14:41.840] [background] [info] - remote=6, local=6
10511 [2018-11-26 03:14:41.840] [background] [info] Sync loop deleting unlinked messages with phase 2.
10511 [2018-11-26 03:14:41.840] [background] [info] Sync loop complete.
10511 [2018-11-26 03:16:41.840] [background] [info] Syncing folder list...
10511 [2018-11-26 03:16:42.091] [background] [info] syncFolderUIDRange for [Gmail]/Alle Nachrichten, UIDs: 1 - 1956, Heavy: false
10511 [2018-11-26 03:16:42.367] [background] [info] - remote=67, local=67
10511 [2018-11-26 03:16:42.499] [background] [info] syncFolderUIDRange for [Gmail]/Papierkorb, UIDs: 1 - 1526, Heavy: false
10511 [2018-11-26 03:16:42.756] [background] [info] - remote=0, local=0
10511 [2018-11-26 03:16:43.049] [background] [info] syncFolderUIDRange for [Gmail]/Spam, UIDs: 1 - 395, Heavy: false
10511 [2018-11-26 03:16:43.306] [background] [info] - remote=6, local=6
10511 [2018-11-26 03:16:43.307] [background] [info] Sync loop deleting unlinked messages with phase 1.
10511 [2018-11-26 03:16:43.308] [background] [info] Sync loop complete.
10511 [2018-11-26 03:18:43.308] [background] [info] Syncing folder list...
10511 [2018-11-26 03:18:43.552] [background] [info] syncFolderUIDRange for [Gmail]/Alle Nachrichten, UIDs: 1 - 1956, Heavy: false
10511 [2018-11-26 03:18:43.826] [background] [info] - remote=67, local=67
10511 [2018-11-26 03:18:43.952] [background] [info] syncFolderUIDRange for [Gmail]/Papierkorb, UIDs: 1 - 1526, Heavy: false
10511 [2018-11-26 03:18:44.200] [background] [info] - remote=0, local=0
10511 [2018-11-26 03:18:44.326] [background] [info] syncFolderUIDRange for [Gmail]/Spam, UIDs: 1 - 395, Heavy: false
10511 [2018-11-26 03:18:44.604] [background] [info] - remote=6, local=6
10511 [2018-11-26 03:18:44.605] [background] [info] Sync loop deleting unlinked messages with phase 2.
10511 [2018-11-26 03:18:44.605] [background] [info] Sync loop complete.
10511 [2018-11-26 03:20:44.605] [background] [info] Syncing folder list...
10511 [2018-11-26 03:20:44.849] [background] [info] syncFolderUIDRange for [Gmail]/Alle Nachrichten, UIDs: 1 - 0, Heavy: false
10511 [2018-11-26 03:20:45.139] [background] [info] - remote=67, local=67
10511 [2018-11-26 03:20:45.263] [background] [info] syncFolderUIDRange for [Gmail]/Papierkorb, UIDs: 1 - 0, Heavy: false
10511 [2018-11-26 03:20:45.506] [background] [info] - remote=0, local=0
10511 [2018-11-26 03:20:45.628] [background] [info] syncFolderUIDRange for [Gmail]/Spam, UIDs: 1 - 0, Heavy: false
10511 [2018-11-26 03:20:45.888] [background] [info] - remote=6, local=6
10511 [2018-11-26 03:20:45.889] [background] [info] Sync loop deleting unlinked messages with phase 1.
10511 [2018-11-26 03:20:45.889] [background] [info] Sync loop complete.
10511 [2018-11-26 03:22:45.889] [background] [info] Syncing folder list...
10511 [2018-11-26 03:22:46.136] [background] [info] syncFolderUIDRange for [Gmail]/Alle Nachrichten, UIDs: 1 - 1956, Heavy: false
10511 [2018-11-26 03:22:46.424] [background] [info] - remote=67, local=67
10511 [2018-11-26 03:22:46.546] [background] [info] syncFolderUIDRange for [Gmail]/Papierkorb, UIDs: 1 - 1526, Heavy: false
10511 [2018-11-26 03:22:46.792] [background] [info] - remote=0, local=0
10511 [2018-11-26 03:22:46.914] [background] [info] syncFolderUIDRange for [Gmail]/Spam, UIDs: 1 - 395, Heavy: false
10511 [2018-11-26 03:22:47.177] [background] [info] - remote=6, local=6
10511 [2018-11-26 03:22:47.178] [background] [info] Sync loop deleting unlinked messages with phase 2.
10511 [2018-11-26 03:22:47.178] [background] [info] Sync loop complete.
10511 [2018-11-26 03:24:47.178] [background] [info] Syncing folder list...
10511 [2018-11-26 03:24:47.427] [background] [info] syncFolderUIDRange for [Gmail]/Alle Nachrichten, UIDs: 1 - 1956, Heavy: false
10511 [2018-11-26 03:24:47.702] [background] [info] - remote=67, local=67
10511 [2018-11-26 03:24:47.838] [background] [info] syncFolderUIDRange for [Gmail]/Papierkorb, UIDs: 1 - 1526, Heavy: false
10511 [2018-11-26 03:24:48.086] [background] [info] - remote=0, local=0
10511 [2018-11-26 03:24:48.256] [background] [info] syncFolderUIDRange for [Gmail]/Spam, UIDs: 1 - 395, Heavy: false
10511 [2018-11-26 03:24:48.507] [background] [info] - remote=6, local=6
10511 [2018-11-26 03:24:48.507] [background] [info] Sync loop deleting unlinked messages with phase 1.
10511 [2018-11-26 03:24:48.507] [background] [info] Sync loop complete.
10511 [2018-11-26 03:26:48.508] [background] [info] Syncing folder list...
10511 [2018-11-26 03:26:48.762] [background] [info] syncFolderUIDRange for [Gmail]/Alle Nachrichten, UIDs: 1 - 1956, Heavy: false
10511 [2018-11-26 03:26:49.193] [background] [info] - remote=67, local=67
10511 [2018-11-26 03:26:49.322] [background] [info] syncFolderUIDRange for [Gmail]/Papierkorb, UIDs: 1 - 1526, Heavy: false
10511 [2018-11-26 03:26:49.577] [background] [info] - remote=0, local=0
10511 [2018-11-26 03:26:49.708] [background] [info] syncFolderUIDRange for [Gmail]/Spam, UIDs: 1 - 395, Heavy: false
10511 [2018-11-26 03:26:49.971] [background] [info] - remote=6, local=6
10511 [2018-11-26 03:26:49.971] [background] [info] Sync loop deleting unlinked messages with phase 2.
10511 [2018-11-26 03:26:49.972] [background] [info] Sync loop complete.
10511 [2018-11-26 03:28:49.972] [background] [info] Syncing folder list...
10511 [2018-11-26 03:28:50.232] [background] [info] syncFolderUIDRange for [Gmail]/Alle Nachrichten, UIDs: 1 - 1956, Heavy: false
10511 [2018-11-26 03:28:50.516] [background] [info] - remote=67, local=67
10511 [2018-11-26 03:28:50.649] [background] [info] syncFolderUIDRange for [Gmail]/Papierkorb, UIDs: 1 - 1526, Heavy: false
10511 [2018-11-26 03:28:50.903] [background] [info] - remote=0, local=0
10511 [2018-11-26 03:28:51.028] [background] [info] syncFolderUIDRange for [Gmail]/Spam, UIDs: 1 - 395, Heavy: false
10511 [2018-11-26 03:28:51.297] [background] [info] - remote=6, local=6
10511 [2018-11-26 03:28:51.299] [background] [info] Sync loop deleting unlinked messages with phase 1.
10511 [2018-11-26 03:28:51.299] [background] [info] Sync loop complete.
10511 [2018-11-26 03:29:11.761] [metadata] [info] Metadata delta stream closed.
10511 [2018-11-26 03:29:11.763] [metadata] [info] Metadata delta stream starting...
10511 [2018-11-26 03:30:51.299] [background] [info] Syncing folder list...
10511 [2018-11-26 03:30:51.560] [background] [info] syncFolderUIDRange for [Gmail]/Alle Nachrichten, UIDs: 1 - 0, Heavy: false
10511 [2018-11-26 03:30:51.843] [background] [info] - remote=67, local=67
10511 [2018-11-26 03:30:51.975] [background] [info] syncFolderUIDRange for [Gmail]/Papierkorb, UIDs: 1 - 0, Heavy: false
10511 [2018-11-26 03:30:52.239] [background] [info] - remote=0, local=0
10511 [2018-11-26 03:30:52.364] [background] [info] syncFolderUIDRange for [Gmail]/Spam, UIDs: 1 - 0, Heavy: false
10511 [2018-11-26 03:30:52.634] [background] [info] - remote=6, local=6
10511 [2018-11-26 03:30:52.634] [background] [info] Sync loop deleting unlinked messages with phase 2.
10511 [2018-11-26 03:30:52.634] [background] [info] Sync loop complete.
10511 [2018-11-26 03:32:52.635] [background] [info] Syncing folder list...
10511 [2018-11-26 03:32:52.923] [background] [info] syncFolderUIDRange for [Gmail]/Alle Nachrichten, UIDs: 1 - 1956, Heavy: false
10511 [2018-11-26 03:32:53.215] [background] [info] - remote=67, local=67
10511 [2018-11-26 03:32:53.404] [background] [info] syncFolderUIDRange for [Gmail]/Papierkorb, UIDs: 1 - 1526, Heavy: false
10511 [2018-11-26 03:32:53.659] [background] [info] - remote=0, local=0
10511 [2018-11-26 03:32:53.783] [background] [info] syncFolderUIDRange for [Gmail]/Spam, UIDs: 1 - 395, Heavy: false
10511 [2018-11-26 03:32:54.052] [background] [info] - remote=5, local=6
10511 [2018-11-26 03:32:54.052] [background] [info] Unlinking messages  WHERE remoteFolderId = ? AND remoteUID IN (?) no longer present in remote range.
10511 [2018-11-26 03:32:54.053] [background] [info] -- 1 matches.
10511 [2018-11-26 03:32:54.053] [background] [info] -- Unlinking "Halloween-Spezial: Tolle Angebote im HP Store! Nur für kurze Zeit!" (cXN7djoExFejcMdzhFcUNi6Wt1yCiv3XH7GUS9pn1)
10511 [2018-11-26 03:32:54.055] [background] [info] Sync loop deleting unlinked messages with phase 1.
10511 [2018-11-26 03:32:54.055] [background] [info] Sync loop complete.
10511 [2018-11-26 03:34:54.055] [background] [info] Syncing folder list...
10511 [2018-11-26 03:34:54.301] [background] [info] syncFolderUIDRange for [Gmail]/Alle Nachrichten, UIDs: 1 - 1956, Heavy: false
10511 [2018-11-26 03:34:54.582] [background] [info] - remote=67, local=67
10511 [2018-11-26 03:34:54.718] [background] [info] syncFolderUIDRange for [Gmail]/Papierkorb, UIDs: 1 - 1526, Heavy: false
10511 [2018-11-26 03:34:54.961] [background] [info] - remote=0, local=0
10511 [2018-11-26 03:34:55.081] [background] [info] syncFolderUIDRange for [Gmail]/Spam, UIDs: 1 - 395, Heavy: false
10511 [2018-11-26 03:34:55.337] [background] [info] - remote=5, local=5
10511 [2018-11-26 03:34:55.338] [background] [info] Sync loop deleting unlinked messages with phase 2.
10511 [2018-11-26 03:34:55.339] [background] [info] -- Removing 1 unlinked messages
10511 [2018-11-26 03:34:55.339] [background] [info] -- Removing "Halloween-Spezial: Tolle Angebote im HP Store! Nur für kurze Zeit!" (cXN7djoExFejcMdzhFcUNi6Wt1yCiv3XH7GUS9pn1)
10511 [2018-11-26 03:34:55.346] [background] [info] Sync loop complete.
10511 [2018-11-26 03:36:55.346] [background] [info] Syncing folder list...
10511 [2018-11-26 03:36:55.808] [background] [info] syncFolderUIDRange for [Gmail]/Alle Nachrichten, UIDs: 1 - 1956, Heavy: false
10511 [2018-11-26 03:36:56.095] [background] [info] - remote=67, local=67
10511 [2018-11-26 03:36:56.224] [background] [info] syncFolderUIDRange for [Gmail]/Papierkorb, UIDs: 1 - 1526, Heavy: false
10511 [2018-11-26 03:36:56.497] [background] [info] - remote=0, local=0
10511 [2018-11-26 03:36:56.619] [background] [info] syncFolderUIDRange for [Gmail]/Spam, UIDs: 1 - 395, Heavy: false
10511 [2018-11-26 03:36:56.878] [background] [info] - remote=5, local=5
10511 [2018-11-26 03:36:56.879] [background] [info] Sync loop deleting unlinked messages with phase 1.
10511 [2018-11-26 03:36:56.879] [background] [info] Sync loop complete.
10511 [2018-11-26 03:38:26.505] [foreground] [info] Idle exited with code 0
10511 [2018-11-26 03:38:26.629] [foreground] [info] syncFolderChangesViaCondstore - [Gmail]/Alle Nachrichten: modseq 135369 to 135380, uidnext 1956 to 1956
10511 [2018-11-26 03:38:26.761] [foreground] [info] syncFolderChangesViaCondstore - Changes since HMODSEQ 135369: 0 changed, 0 vanished
10511 [2018-11-26 03:38:26.776] [foreground] [info] Idling on folder [Gmail]/Alle Nachrichten
10511 [2018-11-26 03:38:56.879] [background] [info] Syncing folder list...
10511 [2018-11-26 03:38:57.124] [background] [info] syncFolderUIDRange for [Gmail]/Alle Nachrichten, UIDs: 1 - 1956, Heavy: false
10511 [2018-11-26 03:38:57.401] [background] [info] - remote=67, local=67
10511 [2018-11-26 03:38:57.528] [background] [info] syncFolderUIDRange for [Gmail]/Papierkorb, UIDs: 1 - 1526, Heavy: false
10511 [2018-11-26 03:38:57.773] [background] [info] - remote=0, local=0
10511 [2018-11-26 03:38:57.899] [background] [info] syncFolderUIDRange for [Gmail]/Spam, UIDs: 1 - 395, Heavy: false
10511 [2018-11-26 03:38:58.164] [background] [info] - remote=5, local=5
10511 [2018-11-26 03:38:58.164] [background] [info] Sync loop deleting unlinked messages with phase 2.
10511 [2018-11-26 03:38:58.164] [background] [info] Sync loop complete.
10511 [2018-11-26 03:40:58.165] [background] [info] Syncing folder list...
10511 [2018-11-26 03:40:58.410] [background] [info] syncFolderUIDRange for [Gmail]/Alle Nachrichten, UIDs: 1 - 0, Heavy: false
10511 [2018-11-26 03:40:58.692] [background] [info] - remote=67, local=67
10511 [2018-11-26 03:40:58.814] [background] [info] syncFolderUIDRange for [Gmail]/Papierkorb, UIDs: 1 - 0, Heavy: false
10511 [2018-11-26 03:40:59.061] [background] [info] - remote=0, local=0
10511 [2018-11-26 03:40:59.180] [background] [info] syncFolderUIDRange for [Gmail]/Spam, UIDs: 1 - 0, Heavy: false
10511 [2018-11-26 03:40:59.508] [background] [info] - remote=5, local=5
10511 [2018-11-26 03:40:59.510] [background] [info] Sync loop deleting unlinked messages with phase 1.
10511 [2018-11-26 03:40:59.510] [background] [info] Sync loop complete.
10511 [2018-11-26 03:42:59.511] [background] [info] Syncing folder list...
10511 [2018-11-26 03:42:59.754] [background] [info] syncFolderUIDRange for [Gmail]/Alle Nachrichten, UIDs: 1 - 1956, Heavy: false
10511 [2018-11-26 03:43:00.131] [background] [info] - remote=67, local=67
10511 [2018-11-26 03:43:00.257] [background] [info] syncFolderUIDRange for [Gmail]/Papierkorb, UIDs: 1 - 1526, Heavy: false
10511 [2018-11-26 03:43:00.502] [background] [info] - remote=0, local=0
10511 [2018-11-26 03:43:00.620] [background] [info] syncFolderUIDRange for [Gmail]/Spam, UIDs: 1 - 395, Heavy: false
10511 [2018-11-26 03:43:00.885] [background] [info] - remote=5, local=5
10511 [2018-11-26 03:43:00.886] [background] [info] Sync loop deleting unlinked messages with phase 2.
10511 [2018-11-26 03:43:00.886] [background] [info] Sync loop complete.
10511 [2018-11-26 03:44:57.902] [metadata] [info] Metadata delta stream closed.
10511 [2018-11-26 03:44:57.904] [metadata] [info] Metadata delta stream starting...
10511 [2018-11-26 03:45:00.886] [background] [info] Syncing folder list...
10511 [2018-11-26 03:45:01.142] [background] [info] syncFolderUIDRange for [Gmail]/Alle Nachrichten, UIDs: 1 - 1956, Heavy: false
10511 [2018-11-26 03:45:01.424] [background] [info] - remote=67, local=67
10511 [2018-11-26 03:45:01.554] [background] [info] syncFolderUIDRange for [Gmail]/Papierkorb, UIDs: 1 - 1526, Heavy: false
10511 [2018-11-26 03:45:01.808] [background] [info] - remote=0, local=0
10511 [2018-11-26 03:45:01.932] [background] [info] syncFolderUIDRange for [Gmail]/Spam, UIDs: 1 - 395, Heavy: false
10511 [2018-11-26 03:45:02.192] [background] [info] - remote=5, local=5
10511 [2018-11-26 03:45:02.193] [background] [info] Sync loop deleting unlinked messages with phase 1.
10511 [2018-11-26 03:45:02.193] [background] [info] Sync loop complete.
10511 [2018-11-26 03:47:02.193] [background] [info] Syncing folder list...
10511 [2018-11-26 03:47:02.452] [background] [info] syncFolderUIDRange for [Gmail]/Alle Nachrichten, UIDs: 1 - 1956, Heavy: false
10511 [2018-11-26 03:47:02.737] [background] [info] - remote=67, local=67
10511 [2018-11-26 03:47:02.865] [background] [info] syncFolderUIDRange for [Gmail]/Papierkorb, UIDs: 1 - 1526, Heavy: false
10511 [2018-11-26 03:47:03.122] [background] [info] - remote=0, local=0
10511 [2018-11-26 03:47:03.247] [background] [info] syncFolderUIDRange for [Gmail]/Spam, UIDs: 1 - 395, Heavy: false
10511 [2018-11-26 03:47:03.515] [background] [info] - remote=5, local=5
10511 [2018-11-26 03:47:03.515] [background] [info] Sync loop deleting unlinked messages with phase 2.
10511 [2018-11-26 03:47:03.515] [background] [info] Sync loop complete.
10511 [2018-11-26 03:49:03.515] [background] [info] Syncing folder list...
10511 [2018-11-26 03:49:03.771] [background] [info] syncFolderUIDRange for [Gmail]/Alle Nachrichten, UIDs: 1 - 1956, Heavy: false
10511 [2018-11-26 03:49:04.054] [background] [info] - remote=67, local=67
10511 [2018-11-26 03:49:04.184] [background] [info] syncFolderUIDRange for [Gmail]/Papierkorb, UIDs: 1 - 1526, Heavy: false
10511 [2018-11-26 03:49:04.441] [background] [info] - remote=0, local=0
10511 [2018-11-26 03:49:04.566] [background] [info] syncFolderUIDRange for [Gmail]/Spam, UIDs: 1 - 395, Heavy: false
10511 [2018-11-26 03:49:04.828] [background] [info] - remote=5, local=5
10511 [2018-11-26 03:49:04.830] [background] [info] Sync loop deleting unlinked messages with phase 1.
10511 [2018-11-26 03:49:04.830] [background] [info] Sync loop complete.
10511 [2018-11-26 03:51:04.830] [background] [info] Syncing folder list...
10511 [2018-11-26 03:51:05.079] [background] [info] syncFolderUIDRange for [Gmail]/Alle Nachrichten, UIDs: 1 - 0, Heavy: false
10511 [2018-11-26 03:51:05.572] [background] [info] - remote=67, local=67
10511 [2018-11-26 03:51:05.697] [background] [info] syncFolderUIDRange for [Gmail]/Papierkorb, UIDs: 1 - 0, Heavy: false
10511 [2018-11-26 03:51:05.949] [background] [info] - remote=0, local=0
10511 [2018-11-26 03:51:06.074] [background] [info] syncFolderUIDRange for [Gmail]/Spam, UIDs: 1 - 0, Heavy: false
10511 [2018-11-26 03:51:06.330] [background] [info] - remote=5, local=5
10511 [2018-11-26 03:51:06.332] [background] [info] Sync loop deleting unlinked messages with phase 2.
10511 [2018-11-26 03:51:06.333] [background] [info] Sync loop complete.
10511 [2018-11-26 03:53:06.333] [background] [info] Syncing folder list...
10511 [2018-11-26 03:53:06.580] [background] [info] syncFolderUIDRange for [Gmail]/Alle Nachrichten, UIDs: 1 - 1956, Heavy: false
10511 [2018-11-26 03:53:06.900] [background] [info] - remote=67, local=67
10511 [2018-11-26 03:53:07.036] [background] [info] syncFolderUIDRange for [Gmail]/Papierkorb, UIDs: 1 - 1526, Heavy: false
10511 [2018-11-26 03:53:07.285] [background] [info] - remote=0, local=0
10511 [2018-11-26 03:53:07.408] [background] [info] syncFolderUIDRange for [Gmail]/Spam, UIDs: 1 - 395, Heavy: false
10511 [2018-11-26 03:53:07.685] [background] [info] - remote=5, local=5
10511 [2018-11-26 03:53:07.686] [background] [info] Sync loop deleting unlinked messages with phase 1.
10511 [2018-11-26 03:53:07.686] [background] [info] Sync loop complete.
10511 [2018-11-26 03:55:07.686] [background] [info] Syncing folder list...
10511 [2018-11-26 03:55:07.935] [background] [info] syncFolderUIDRange for [Gmail]/Alle Nachrichten, UIDs: 1 - 1956, Heavy: false
10511 [2018-11-26 03:55:08.215] [background] [info] - remote=67, local=67
10511 [2018-11-26 03:55:08.510] [background] [info] syncFolderUIDRange for [Gmail]/Papierkorb, UIDs: 1 - 1526, Heavy: false
10511 [2018-11-26 03:55:08.760] [background] [info] - remote=0, local=0
10511 [2018-11-26 03:55:08.882] [background] [info] syncFolderUIDRange for [Gmail]/Spam, UIDs: 1 - 395, Heavy: false
10511 [2018-11-26 03:55:09.137] [background] [info] - remote=5, local=5
10511 [2018-11-26 03:55:09.138] [background] [info] Sync loop deleting unlinked messages with phase 2.
10511 [2018-11-26 03:55:09.138] [background] [info] Sync loop complete.
10511 [2018-11-26 03:57:09.138] [background] [info] Syncing folder list...
10511 [2018-11-26 03:57:09.383] [background] [info] syncFolderUIDRange for [Gmail]/Alle Nachrichten, UIDs: 1 - 1956, Heavy: false
10511 [2018-11-26 03:57:09.654] [background] [info] - remote=67, local=67
10511 [2018-11-26 03:57:09.781] [background] [info] syncFolderUIDRange for [Gmail]/Papierkorb, UIDs: 1 - 1526, Heavy: false
10511 [2018-11-26 03:57:10.026] [background] [info] - remote=0, local=0
10511 [2018-11-26 03:57:10.146] [background] [info] syncFolderUIDRange for [Gmail]/Spam, UIDs: 1 - 395, Heavy: false
10511 [2018-11-26 03:57:10.479] [background] [info] - remote=5, local=5
10511 [2018-11-26 03:57:10.480] [background] [info] Sync loop deleting unlinked messages with phase 1.
10511 [2018-11-26 03:57:10.480] [background] [info] Sync loop complete.
10511 [2018-11-26 03:59:10.480] [background] [info] Syncing folder list...
10511 [2018-11-26 03:59:10.727] [background] [info] syncFolderUIDRange for [Gmail]/Alle Nachrichten, UIDs: 1 - 1956, Heavy: false
10511 [2018-11-26 03:59:11.000] [background] [info] - remote=67, local=67
10511 [2018-11-26 03:59:11.131] [background] [info] syncFolderUIDRange for [Gmail]/Papierkorb, UIDs: 1 - 1526, Heavy: false
10511 [2018-11-26 03:59:11.379] [background] [info] - remote=0, local=0
10511 [2018-11-26 03:59:11.498] [background] [info] syncFolderUIDRange for [Gmail]/Spam, UIDs: 1 - 395, Heavy: false
10511 [2018-11-26 03:59:11.821] [background] [info] - remote=5, local=5
10511 [2018-11-26 03:59:11.821] [background] [info] Sync loop deleting unlinked messages with phase 2.
10511 [2018-11-26 03:59:11.822] [background] [info] Sync loop complete.
10511 [2018-11-26 04:01:11.822] [background] [info] Syncing folder list...
10511 [2018-11-26 04:01:12.076] [background] [info] syncFolderUIDRange for [Gmail]/Alle Nachrichten, UIDs: 1 - 0, Heavy: false
10511 [2018-11-26 04:01:12.380] [background] [info] - remote=67, local=67
10511 [2018-11-26 04:01:12.512] [background] [info] syncFolderUIDRange for [Gmail]/Papierkorb, UIDs: 1 - 0, Heavy: false
10511 [2018-11-26 04:01:12.776] [background] [info] - remote=0, local=0
10511 [2018-11-26 04:01:12.907] [background] [info] syncFolderUIDRange for [Gmail]/Spam, UIDs: 1 - 0, Heavy: false
10511 [2018-11-26 04:01:13.172] [background] [info] - remote=5, local=5
10511 [2018-11-26 04:01:13.173] [background] [info] Sync loop deleting unlinked messages with phase 1.
10511 [2018-11-26 04:01:13.174] [background] [info] Sync loop complete.
10511 [2018-11-26 04:03:01.398] [metadata] [info] Metadata delta stream closed.
10511 [2018-11-26 04:03:01.402] [metadata] [info] Metadata delta stream starting...
10511 [2018-11-26 04:03:13.174] [background] [info] Syncing folder list...
10511 [2018-11-26 04:03:13.432] [background] [info] syncFolderUIDRange for [Gmail]/Alle Nachrichten, UIDs: 1 - 1956, Heavy: false
10511 [2018-11-26 04:03:14.312] [background] [info] - remote=67, local=67
10511 [2018-11-26 04:03:14.455] [background] [info] syncFolderUIDRange for [Gmail]/Papierkorb, UIDs: 1 - 1526, Heavy: false
10511 [2018-11-26 04:03:14.711] [background] [info] - remote=0, local=0
10511 [2018-11-26 04:03:14.840] [background] [info] syncFolderUIDRange for [Gmail]/Spam, UIDs: 1 - 395, Heavy: false
10511 [2018-11-26 04:03:15.146] [background] [info] - remote=5, local=5
10511 [2018-11-26 04:03:15.147] [background] [info] Sync loop deleting unlinked messages with phase 2.
10511 [2018-11-26 04:03:15.147] [background] [info] Sync loop complete.
10511 [2018-11-26 04:05:15.147] [background] [info] Syncing folder list...
10511 [2018-11-26 04:05:15.404] [background] [info] syncFolderUIDRange for [Gmail]/Alle Nachrichten, UIDs: 1 - 1956, Heavy: false
10511 [2018-11-26 04:05:15.737] [background] [info] - remote=67, local=67
10511 [2018-11-26 04:05:15.880] [background] [info] syncFolderUIDRange for [Gmail]/Papierkorb, UIDs: 1 - 1526, Heavy: false
10511 [2018-11-26 04:05:16.138] [background] [info] - remote=0, local=0
10511 [2018-11-26 04:05:16.264] [background] [info] syncFolderUIDRange for [Gmail]/Spam, UIDs: 1 - 395, Heavy: false
10511 [2018-11-26 04:05:16.528] [background] [info] - remote=5, local=5
10511 [2018-11-26 04:05:16.529] [background] [info] Sync loop deleting unlinked messages with phase 1.
10511 [2018-11-26 04:05:16.529] [background] [info] Sync loop complete.
10511 [2018-11-26 04:06:27.114] [foreground] [info] Idle exited with code 0
10511 [2018-11-26 04:06:27.234] [foreground] [info] syncFolderChangesViaCondstore - [Gmail]/Alle Nachrichten: modseq 135380 to 135380, uidnext 1956 to 1956
10511 [2018-11-26 04:06:27.246] [foreground] [info] Idling on folder [Gmail]/Alle Nachrichten
10511 [2018-11-26 04:07:16.530] [background] [info] Syncing folder list...
10511 [2018-11-26 04:07:16.776] [background] [info] syncFolderUIDRange for [Gmail]/Alle Nachrichten, UIDs: 1 - 1956, Heavy: false
10511 [2018-11-26 04:07:17.050] [background] [info] - remote=67, local=67
10511 [2018-11-26 04:07:17.174] [background] [info] syncFolderUIDRange for [Gmail]/Papierkorb, UIDs: 1 - 1526, Heavy: false
10511 [2018-11-26 04:07:17.426] [background] [info] - remote=0, local=0
10511 [2018-11-26 04:07:17.547] [background] [info] syncFolderUIDRange for [Gmail]/Spam, UIDs: 1 - 395, Heavy: false
10511 [2018-11-26 04:07:17.800] [background] [info] - remote=5, local=5
10511 [2018-11-26 04:07:17.801] [background] [info] Sync loop deleting unlinked messages with phase 2.
10511 [2018-11-26 04:07:17.801] [background] [info] Sync loop complete.
10511 [2018-11-26 04:09:17.801] [background] [info] Syncing folder list...
10511 [2018-11-26 04:09:18.055] [background] [info] syncFolderUIDRange for [Gmail]/Alle Nachrichten, UIDs: 1 - 1956, Heavy: false
10511 [2018-11-26 04:09:18.337] [background] [info] - remote=67, local=67
10511 [2018-11-26 04:09:18.472] [background] [info] syncFolderUIDRange for [Gmail]/Papierkorb, UIDs: 1 - 1526, Heavy: false
10511 [2018-11-26 04:09:18.720] [background] [info] - remote=0, local=0
10511 [2018-11-26 04:09:18.842] [background] [info] syncFolderUIDRange for [Gmail]/Spam, UIDs: 1 - 395, Heavy: false
10511 [2018-11-26 04:09:19.098] [background] [info] - remote=5, local=5
10511 [2018-11-26 04:09:19.099] [background] [info] Sync loop deleting unlinked messages with phase 1.
10511 [2018-11-26 04:09:19.100] [background] [info] Sync loop complete.
10511 [2018-11-26 04:11:19.100] [background] [info] Fetching XOAuth2 access token from Gmail for 413eb2ed
10511 [2018-11-26 04:11:19.288] [background] [info] Syncing folder list...
10511 [2018-11-26 04:11:19.542] [background] [info] syncFolderUIDRange for [Gmail]/Alle Nachrichten, UIDs: 1 - 0, Heavy: false
10511 [2018-11-26 04:11:19.898] [background] [info] - remote=67, local=67
10511 [2018-11-26 04:11:19.906] [background] [info] Cleaning local cache and updating stats
10511 [2018-11-26 04:11:19.908] [background] [info] -- 0 message bodies deleted from local cache.
10511 [2018-11-26 04:11:20.036] [background] [info] syncFolderUIDRange for [Gmail]/Papierkorb, UIDs: 1 - 0, Heavy: false
10511 [2018-11-26 04:11:20.281] [background] [info] - remote=0, local=0
10511 [2018-11-26 04:11:20.281] [background] [info] Cleaning local cache and updating stats
10511 [2018-11-26 04:11:20.286] [background] [info] -- 0 message bodies deleted from local cache.
10511 [2018-11-26 04:11:20.408] [background] [info] syncFolderUIDRange for [Gmail]/Spam, UIDs: 1 - 0, Heavy: false
10511 [2018-11-26 04:11:20.666] [background] [info] - remote=5, local=5
10511 [2018-11-26 04:11:20.666] [background] [info] Cleaning local cache and updating stats
10511 [2018-11-26 04:11:20.668] [background] [info] -- 0 message bodies deleted from local cache.
10511 [2018-11-26 04:11:20.669] [background] [info] Sync loop deleting unlinked messages with phase 2.
10511 [2018-11-26 04:11:20.669] [background] [info] Sync loop complete.
10511 [2018-11-26 04:13:20.670] [background] [info] Syncing folder list...
10511 [2018-11-26 04:13:20.922] [background] [info] syncFolderUIDRange for [Gmail]/Alle Nachrichten, UIDs: 1 - 1956, Heavy: false
10511 [2018-11-26 04:13:21.200] [background] [info] - remote=67, local=67
10511 [2018-11-26 04:13:21.327] [background] [info] syncFolderUIDRange for [Gmail]/Papierkorb, UIDs: 1 - 1526, Heavy: false
10511 [2018-11-26 04:13:21.570] [background] [info] - remote=0, local=0
10511 [2018-11-26 04:13:21.690] [background] [info] syncFolderUIDRange for [Gmail]/Spam, UIDs: 1 - 395, Heavy: false
10511 [2018-11-26 04:13:21.951] [background] [info] - remote=5, local=5
10511 [2018-11-26 04:13:21.952] [background] [info] Sync loop deleting unlinked messages with phase 1.
10511 [2018-11-26 04:13:21.952] [background] [info] Sync loop complete.
10511 [2018-11-26 04:15:21.952] [background] [info] Syncing folder list...
10511 [2018-11-26 04:15:22.207] [background] [info] syncFolderUIDRange for [Gmail]/Alle Nachrichten, UIDs: 1 - 1956, Heavy: false
10511 [2018-11-26 04:15:22.535] [background] [info] - remote=67, local=67
10511 [2018-11-26 04:15:22.673] [background] [info] syncFolderUIDRange for [Gmail]/Papierkorb, UIDs: 1 - 1526, Heavy: false
10511 [2018-11-26 04:15:22.929] [background] [info] - remote=0, local=0
10511 [2018-11-26 04:15:23.055] [background] [info] syncFolderUIDRange for [Gmail]/Spam, UIDs: 1 - 395, Heavy: false
10511 [2018-11-26 04:15:23.325] [background] [info] - remote=5, local=5
10511 [2018-11-26 04:15:23.326] [background] [info] Sync loop deleting unlinked messages with phase 2.
10511 [2018-11-26 04:15:23.326] [background] [info] Sync loop complete.
10511 [2018-11-26 04:17:23.326] [background] [info] Syncing folder list...
10511 [2018-11-26 04:17:23.615] [background] [info] syncFolderUIDRange for [Gmail]/Alle Nachrichten, UIDs: 1 - 1956, Heavy: false
10511 [2018-11-26 04:17:23.933] [background] [info] - remote=67, local=67
10511 [2018-11-26 04:17:24.062] [background] [info] syncFolderUIDRange for [Gmail]/Papierkorb, UIDs: 1 - 1526, Heavy: false
10511 [2018-11-26 04:17:24.324] [background] [info] - remote=0, local=0
10511 [2018-11-26 04:17:24.452] [background] [info] syncFolderUIDRange for [Gmail]/Spam, UIDs: 1 - 395, Heavy: false
10511 [2018-11-26 04:17:24.733] [background] [info] - remote=5, local=5
10511 [2018-11-26 04:17:24.734] [background] [info] Sync loop deleting unlinked messages with phase 1.
10511 [2018-11-26 04:17:24.734] [background] [info] Sync loop complete.
10511 [2018-11-26 04:19:24.734] [background] [info] Syncing folder list...
10511 [2018-11-26 04:19:24.989] [background] [info] syncFolderUIDRange for [Gmail]/Alle Nachrichten, UIDs: 1 - 1956, Heavy: false
10511 [2018-11-26 04:19:25.272] [background] [info] - remote=67, local=67
10511 [2018-11-26 04:19:25.406] [background] [info] syncFolderUIDRange for [Gmail]/Papierkorb, UIDs: 1 - 1526, Heavy: false
10511 [2018-11-26 04:19:25.667] [background] [info] - remote=0, local=0
10511 [2018-11-26 04:19:26.005] [background] [info] syncFolderUIDRange for [Gmail]/Spam, UIDs: 1 - 395, Heavy: false
10511 [2018-11-26 04:19:26.275] [background] [info] - remote=5, local=5
10511 [2018-11-26 04:19:26.276] [background] [info] Sync loop deleting unlinked messages with phase 2.
10511 [2018-11-26 04:19:26.276] [background] [info] Sync loop complete.
10511 [2018-11-26 04:21:26.276] [background] [info] Syncing folder list...
10511 [2018-11-26 04:21:26.533] [background] [info] syncFolderUIDRange for [Gmail]/Alle Nachrichten, UIDs: 1 - 0, Heavy: false
10511 [2018-11-26 04:21:26.824] [background] [info] - remote=67, local=67
10511 [2018-11-26 04:21:26.953] [background] [info] syncFolderUIDRange for [Gmail]/Papierkorb, UIDs: 1 - 0, Heavy: false
10511 [2018-11-26 04:21:27.209] [background] [info] - remote=0, local=0
10511 [2018-11-26 04:21:27.335] [background] [info] syncFolderUIDRange for [Gmail]/Spam, UIDs: 1 - 0, Heavy: false
10511 [2018-11-26 04:21:27.621] [background] [info] - remote=5, local=5
10511 [2018-11-26 04:21:27.621] [background] [info] Sync loop deleting unlinked messages with phase 1.
10511 [2018-11-26 04:21:27.621] [background] [info] Sync loop complete.
10511 [2018-11-26 04:21:43.840] [metadata] [info] Metadata delta stream closed.
10511 [2018-11-26 04:21:43.841] [metadata] [info] Metadata delta stream starting...
10511 [2018-11-26 04:23:27.621] [background] [info] Syncing folder list...
10511 [2018-11-26 04:23:27.883] [background] [info] syncFolderUIDRange for [Gmail]/Alle Nachrichten, UIDs: 1 - 1956, Heavy: false
10511 [2018-11-26 04:23:28.170] [background] [info] - remote=67, local=67
10511 [2018-11-26 04:23:28.302] [background] [info] syncFolderUIDRange for [Gmail]/Papierkorb, UIDs: 1 - 1526, Heavy: false
10511 [2018-11-26 04:23:28.556] [background] [info] - remote=0, local=0
10511 [2018-11-26 04:23:28.681] [background] [info] syncFolderUIDRange for [Gmail]/Spam, UIDs: 1 - 395, Heavy: false
10511 [2018-11-26 04:23:28.945] [background] [info] - remote=5, local=5
10511 [2018-11-26 04:23:28.946] [background] [info] Sync loop deleting unlinked messages with phase 2.
10511 [2018-11-26 04:23:28.946] [background] [info] Sync loop complete.
10511 [2018-11-26 04:25:28.946] [background] [info] Syncing folder list...
10511 [2018-11-26 04:25:29.193] [background] [info] syncFolderUIDRange for [Gmail]/Alle Nachrichten, UIDs: 1 - 1956, Heavy: false
10511 [2018-11-26 04:25:29.495] [background] [info] - remote=67, local=67
10511 [2018-11-26 04:25:29.623] [background] [info] syncFolderUIDRange for [Gmail]/Papierkorb, UIDs: 1 - 1526, Heavy: false
10511 [2018-11-26 04:25:29.876] [background] [info] - remote=0, local=0
10511 [2018-11-26 04:25:29.994] [background] [info] syncFolderUIDRange for [Gmail]/Spam, UIDs: 1 - 395, Heavy: false
10511 [2018-11-26 04:25:30.255] [background] [info] - remote=5, local=5
10511 [2018-11-26 04:25:30.255] [background] [info] Sync loop deleting unlinked messages with phase 1.
10511 [2018-11-26 04:25:30.255] [background] [info] Sync loop complete.
10511 [2018-11-26 04:27:30.255] [background] [info] Syncing folder list...
10511 [2018-11-26 04:27:30.503] [background] [info] syncFolderUIDRange for [Gmail]/Alle Nachrichten, UIDs: 1 - 1956, Heavy: false
10511 [2018-11-26 04:27:30.854] [background] [info] - remote=67, local=67
10511 [2018-11-26 04:27:30.989] [background] [info] syncFolderUIDRange for [Gmail]/Papierkorb, UIDs: 1 - 1526, Heavy: false
10511 [2018-11-26 04:27:31.241] [background] [info] - remote=0, local=0
10511 [2018-11-26 04:27:31.363] [background] [info] syncFolderUIDRange for [Gmail]/Spam, UIDs: 1 - 395, Heavy: false
10511 [2018-11-26 04:27:31.738] [background] [info] - remote=5, local=5
10511 [2018-11-26 04:27:31.738] [background] [info] Sync loop deleting unlinked messages with phase 2.
10511 [2018-11-26 04:27:31.738] [background] [info] Sync loop complete.
10511 [2018-11-26 04:29:31.738] [background] [info] Syncing folder list...
10511 [2018-11-26 04:29:31.988] [background] [info] syncFolderUIDRange for [Gmail]/Alle Nachrichten, UIDs: 1 - 1956, Heavy: false
10511 [2018-11-26 04:29:32.290] [background] [info] - remote=67, local=67
10511 [2018-11-26 04:29:32.420] [background] [info] syncFolderUIDRange for [Gmail]/Papierkorb, UIDs: 1 - 1526, Heavy: false
10511 [2018-11-26 04:29:32.682] [background] [info] - remote=0, local=0
10511 [2018-11-26 04:29:32.801] [background] [info] syncFolderUIDRange for [Gmail]/Spam, UIDs: 1 - 395, Heavy: false
10511 [2018-11-26 04:29:33.058] [background] [info] - remote=5, local=5
10511 [2018-11-26 04:29:33.058] [background] [info] Sync loop deleting unlinked messages with phase 1.
10511 [2018-11-26 04:29:33.058] [background] [info] Sync loop complete.
10511 [2018-11-26 04:31:33.058] [background] [info] Syncing folder list...
10511 [2018-11-26 04:31:33.319] [background] [info] syncFolderUIDRange for [Gmail]/Alle Nachrichten, UIDs: 1 - 0, Heavy: false
10511 [2018-11-26 04:31:33.623] [background] [info] - remote=67, local=67
10511 [2018-11-26 04:31:33.758] [background] [info] syncFolderUIDRange for [Gmail]/Papierkorb, UIDs: 1 - 0, Heavy: false
10511 [2018-11-26 04:31:34.015] [background] [info] - remote=0, local=0
10511 [2018-11-26 04:31:34.141] [background] [info] syncFolderUIDRange for [Gmail]/Spam, UIDs: 1 - 0, Heavy: false
10511 [2018-11-26 04:31:34.414] [background] [info] - remote=5, local=5
10511 [2018-11-26 04:31:34.416] [background] [info] Sync loop deleting unlinked messages with phase 2.
10511 [2018-11-26 04:31:34.417] [background] [info] Sync loop complete.
10511 [2018-11-26 04:33:34.417] [background] [info] Syncing folder list...
10511 [2018-11-26 04:33:34.673] [background] [info] syncFolderUIDRange for [Gmail]/Alle Nachrichten, UIDs: 1 - 1956, Heavy: false
10511 [2018-11-26 04:33:34.970] [background] [info] - remote=67, local=67
10511 [2018-11-26 04:33:35.101] [background] [info] syncFolderUIDRange for [Gmail]/Papierkorb, UIDs: 1 - 1526, Heavy: false
10511 [2018-11-26 04:33:35.359] [background] [info] - remote=0, local=0
10511 [2018-11-26 04:33:35.483] [background] [info] syncFolderUIDRange for [Gmail]/Spam, UIDs: 1 - 395, Heavy: false
10511 [2018-11-26 04:33:35.766] [background] [info] - remote=5, local=5
10511 [2018-11-26 04:33:35.767] [background] [info] Sync loop deleting unlinked messages with phase 1.
10511 [2018-11-26 04:33:35.767] [background] [info] Sync loop complete.
10511 [2018-11-26 04:34:27.512] [foreground] [info] Idle exited with code 0
10511 [2018-11-26 04:34:27.663] [foreground] [info] syncFolderChangesViaCondstore - [Gmail]/Alle Nachrichten: modseq 135380 to 135383, uidnext 1956 to 1956
10511 [2018-11-26 04:34:27.789] [foreground] [info] syncFolderChangesViaCondstore - Changes since HMODSEQ 135380: 0 changed, 0 vanished
10511 [2018-11-26 04:34:27.799] [foreground] [info] Idling on folder [Gmail]/Alle Nachrichten
10511 [2018-11-26 04:35:35.768] [background] [info] Syncing folder list...
10511 [2018-11-26 04:35:36.022] [background] [info] syncFolderUIDRange for [Gmail]/Alle Nachrichten, UIDs: 1 - 1956, Heavy: false
10511 [2018-11-26 04:35:36.301] [background] [info] - remote=67, local=67
10511 [2018-11-26 04:35:36.426] [background] [info] syncFolderUIDRange for [Gmail]/Papierkorb, UIDs: 1 - 1526, Heavy: false
10511 [2018-11-26 04:35:36.678] [background] [info] - remote=0, local=0
10511 [2018-11-26 04:35:36.801] [background] [info] syncFolderUIDRange for [Gmail]/Spam, UIDs: 1 - 395, Heavy: false
10511 [2018-11-26 04:35:37.152] [background] [info] - remote=5, local=5
10511 [2018-11-26 04:35:37.153] [background] [info] Sync loop deleting unlinked messages with phase 2.
10511 [2018-11-26 04:35:37.153] [background] [info] Sync loop complete.
10511 [2018-11-26 04:37:37.153] [background] [info] Syncing folder list...
10511 [2018-11-26 04:37:37.400] [background] [info] syncFolderUIDRange for [Gmail]/Alle Nachrichten, UIDs: 1 - 1956, Heavy: false
10511 [2018-11-26 04:37:37.714] [background] [info] - remote=67, local=67
10511 [2018-11-26 04:37:37.838] [background] [info] syncFolderUIDRange for [Gmail]/Papierkorb, UIDs: 1 - 1526, Heavy: false
10511 [2018-11-26 04:37:38.088] [background] [info] - remote=0, local=0
10511 [2018-11-26 04:37:38.213] [background] [info] syncFolderUIDRange for [Gmail]/Spam, UIDs: 1 - 395, Heavy: false
10511 [2018-11-26 04:37:38.467] [background] [info] - remote=5, local=5
10511 [2018-11-26 04:37:38.468] [background] [info] Sync loop deleting unlinked messages with phase 1.
10511 [2018-11-26 04:37:38.468] [background] [info] Sync loop complete.
10511 [2018-11-26 04:39:17.355] [metadata] [info] Metadata delta stream closed.
10511 [2018-11-26 04:39:17.356] [metadata] [info] Metadata delta stream starting...
10511 [2018-11-26 04:39:38.468] [background] [info] Syncing folder list...
10511 [2018-11-26 04:39:38.716] [background] [info] syncFolderUIDRange for [Gmail]/Alle Nachrichten, UIDs: 1 - 1956, Heavy: false
10511 [2018-11-26 04:39:39.002] [background] [info] - remote=67, local=67
10511 [2018-11-26 04:39:39.129] [background] [info] syncFolderUIDRange for [Gmail]/Papierkorb, UIDs: 1 - 1526, Heavy: false
10511 [2018-11-26 04:39:39.375] [background] [info] - remote=0, local=0
10511 [2018-11-26 04:39:39.496] [background] [info] syncFolderUIDRange for [Gmail]/Spam, UIDs: 1 - 395, Heavy: false
10511 [2018-11-26 04:39:39.757] [background] [info] - remote=5, local=5
10511 [2018-11-26 04:39:39.757] [background] [info] Sync loop deleting unlinked messages with phase 2.
10511 [2018-11-26 04:39:39.758] [background] [info] Sync loop complete.
10511 [2018-11-26 04:41:39.758] [background] [info] Syncing folder list...
10511 [2018-11-26 04:41:40.008] [background] [info] syncFolderUIDRange for [Gmail]/Alle Nachrichten, UIDs: 1 - 0, Heavy: false
10511 [2018-11-26 04:41:40.285] [background] [info] - remote=67, local=67
10511 [2018-11-26 04:41:40.417] [background] [info] syncFolderUIDRange for [Gmail]/Papierkorb, UIDs: 1 - 0, Heavy: false
10511 [2018-11-26 04:41:40.674] [background] [info] - remote=0, local=0
10511 [2018-11-26 04:41:40.795] [background] [info] syncFolderUIDRange for [Gmail]/Spam, UIDs: 1 - 0, Heavy: false
10511 [2018-11-26 04:41:41.060] [background] [info] - remote=5, local=5
10511 [2018-11-26 04:41:41.060] [background] [info] Sync loop deleting unlinked messages with phase 1.
10511 [2018-11-26 04:41:41.060] [background] [info] Sync loop complete.
10511 [2018-11-26 04:43:41.061] [background] [info] Syncing folder list...
10511 [2018-11-26 04:43:41.305] [background] [info] syncFolderUIDRange for [Gmail]/Alle Nachrichten, UIDs: 1 - 1956, Heavy: false
10511 [2018-11-26 04:43:41.578] [background] [info] - remote=67, local=67
10511 [2018-11-26 04:43:41.705] [background] [info] syncFolderUIDRange for [Gmail]/Papierkorb, UIDs: 1 - 1526, Heavy: false
10511 [2018-11-26 04:43:41.951] [background] [info] - remote=0, local=0
10511 [2018-11-26 04:43:42.071] [background] [info] syncFolderUIDRange for [Gmail]/Spam, UIDs: 1 - 395, Heavy: false
10511 [2018-11-26 04:43:42.326] [background] [info] - remote=5, local=5
10511 [2018-11-26 04:43:42.326] [background] [info] Sync loop deleting unlinked messages with phase 2.
10511 [2018-11-26 04:43:42.326] [background] [info] Sync loop complete.
10511 [2018-11-26 04:45:42.327] [background] [info] Syncing folder list...
10511 [2018-11-26 04:45:42.570] [background] [info] syncFolderUIDRange for [Gmail]/Alle Nachrichten, UIDs: 1 - 1956, Heavy: false
10511 [2018-11-26 04:45:42.842] [background] [info] - remote=67, local=67
10511 [2018-11-26 04:45:42.966] [background] [info] syncFolderUIDRange for [Gmail]/Papierkorb, UIDs: 1 - 1526, Heavy: false
10511 [2018-11-26 04:45:43.212] [background] [info] - remote=0, local=0
10511 [2018-11-26 04:45:43.332] [background] [info] syncFolderUIDRange for [Gmail]/Spam, UIDs: 1 - 395, Heavy: false
10511 [2018-11-26 04:45:43.585] [background] [info] - remote=5, local=5
10511 [2018-11-26 04:45:43.586] [background] [info] Sync loop deleting unlinked messages with phase 1.
10511 [2018-11-26 04:45:43.586] [background] [info] Sync loop complete.
10511 [2018-11-26 04:47:43.586] [background] [info] Syncing folder list...
10511 [2018-11-26 04:47:43.833] [background] [info] syncFolderUIDRange for [Gmail]/Alle Nachrichten, UIDs: 1 - 1956, Heavy: false
10511 [2018-11-26 04:47:44.154] [background] [info] - remote=67, local=67
10511 [2018-11-26 04:47:44.299] [background] [info] syncFolderUIDRange for [Gmail]/Papierkorb, UIDs: 1 - 1526, Heavy: false
10511 [2018-11-26 04:47:44.598] [background] [info] - remote=0, local=0
10511 [2018-11-26 04:47:44.720] [background] [info] syncFolderUIDRange for [Gmail]/Spam, UIDs: 1 - 395, Heavy: false
10511 [2018-11-26 04:47:44.976] [background] [info] - remote=5, local=5
10511 [2018-11-26 04:47:44.976] [background] [info] Sync loop deleting unlinked messages with phase 2.
10511 [2018-11-26 04:47:44.976] [background] [info] Sync loop complete.
10511 [2018-11-26 04:49:44.977] [background] [info] Syncing folder list...
10511 [2018-11-26 04:49:45.223] [background] [info] syncFolderUIDRange for [Gmail]/Alle Nachrichten, UIDs: 1 - 1956, Heavy: false
10511 [2018-11-26 04:49:45.516] [background] [info] - remote=67, local=67
10511 [2018-11-26 04:49:45.639] [background] [info] syncFolderUIDRange for [Gmail]/Papierkorb, UIDs: 1 - 1526, Heavy: false
10511 [2018-11-26 04:49:45.884] [background] [info] - remote=0, local=0
10511 [2018-11-26 04:49:46.007] [background] [info] syncFolderUIDRange for [Gmail]/Spam, UIDs: 1 - 395, Heavy: false
10511 [2018-11-26 04:49:46.270] [background] [info] - remote=5, local=5
10511 [2018-11-26 04:49:46.271] [background] [info] Sync loop deleting unlinked messages with phase 1.
10511 [2018-11-26 04:49:46.271] [background] [info] Sync loop complete.
10511 [2018-11-26 04:51:46.271] [background] [info] Syncing folder list...
10511 [2018-11-26 04:51:46.516] [background] [info] syncFolderUIDRange for [Gmail]/Alle Nachrichten, UIDs: 1 - 0, Heavy: false
10511 [2018-11-26 04:51:46.791] [background] [info] - remote=67, local=67
10511 [2018-11-26 04:51:46.915] [background] [info] syncFolderUIDRange for [Gmail]/Papierkorb, UIDs: 1 - 0, Heavy: false
10511 [2018-11-26 04:51:47.161] [background] [info] - remote=0, local=0
10511 [2018-11-26 04:51:47.279] [background] [info] syncFolderUIDRange for [Gmail]/Spam, UIDs: 1 - 0, Heavy: false
10511 [2018-11-26 04:51:47.537] [background] [info] - remote=5, local=5
10511 [2018-11-26 04:51:47.538] [background] [info] Sync loop deleting unlinked messages with phase 2.
10511 [2018-11-26 04:51:47.538] [background] [info] Sync loop complete.
10511 [2018-11-26 04:53:47.538] [background] [info] Syncing folder list...
10511 [2018-11-26 04:53:47.787] [background] [info] syncFolderUIDRange for [Gmail]/Alle Nachrichten, UIDs: 1 - 1956, Heavy: false
10511 [2018-11-26 04:53:48.055] [background] [info] - remote=67, local=67
10511 [2018-11-26 04:53:48.178] [background] [info] syncFolderUIDRange for [Gmail]/Papierkorb, UIDs: 1 - 1526, Heavy: false
10511 [2018-11-26 04:53:48.421] [background] [info] - remote=0, local=0
10511 [2018-11-26 04:53:48.542] [background] [info] syncFolderUIDRange for [Gmail]/Spam, UIDs: 1 - 395, Heavy: false
10511 [2018-11-26 04:53:48.795] [background] [info] - remote=5, local=5
10511 [2018-11-26 04:53:48.795] [background] [info] Sync loop deleting unlinked messages with phase 1.
10511 [2018-11-26 04:53:48.795] [background] [info] Sync loop complete.
10511 [2018-11-26 04:55:06.897] [metadata] [info] Metadata delta stream closed.
10511 [2018-11-26 04:55:06.899] [metadata] [info] Metadata delta stream starting...
10511 [2018-11-26 04:55:48.795] [background] [info] Syncing folder list...
10511 [2018-11-26 04:55:49.041] [background] [info] syncFolderUIDRange for [Gmail]/Alle Nachrichten, UIDs: 1 - 1956, Heavy: false
10511 [2018-11-26 04:55:49.314] [background] [info] - remote=67, local=67
10511 [2018-11-26 04:55:49.438] [background] [info] syncFolderUIDRange for [Gmail]/Papierkorb, UIDs: 1 - 1526, Heavy: false
10511 [2018-11-26 04:55:49.683] [background] [info] - remote=0, local=0
10511 [2018-11-26 04:55:49.802] [background] [info] syncFolderUIDRange for [Gmail]/Spam, UIDs: 1 - 395, Heavy: false
10511 [2018-11-26 04:55:50.057] [background] [info] - remote=5, local=5
10511 [2018-11-26 04:55:50.057] [background] [info] Sync loop deleting unlinked messages with phase 2.
10511 [2018-11-26 04:55:50.057] [background] [info] Sync loop complete.
10511 [2018-11-26 04:57:50.057] [background] [info] Syncing folder list...
10511 [2018-11-26 04:57:50.310] [background] [info] syncFolderUIDRange for [Gmail]/Alle Nachrichten, UIDs: 1 - 1956, Heavy: false
10511 [2018-11-26 04:57:50.603] [background] [info] - remote=67, local=67
10511 [2018-11-26 04:57:50.732] [background] [info] syncFolderUIDRange for [Gmail]/Papierkorb, UIDs: 1 - 1526, Heavy: false
10511 [2018-11-26 04:57:50.987] [background] [info] - remote=0, local=0
10511 [2018-11-26 04:57:51.113] [background] [info] syncFolderUIDRange for [Gmail]/Spam, UIDs: 1 - 395, Heavy: false
10511 [2018-11-26 04:57:51.383] [background] [info] - remote=5, local=5
10511 [2018-11-26 04:57:51.383] [background] [info] Sync loop deleting unlinked messages with phase 1.
10511 [2018-11-26 04:57:51.383] [background] [info] Sync loop complete.
10511 [2018-11-26 04:59:51.384] [background] [info] Syncing folder list...
10511 [2018-11-26 04:59:51.643] [background] [info] syncFolderUIDRange for [Gmail]/Alle Nachrichten, UIDs: 1 - 1956, Heavy: false
10511 [2018-11-26 04:59:51.926] [background] [info] - remote=67, local=67
10511 [2018-11-26 04:59:52.055] [background] [info] syncFolderUIDRange for [Gmail]/Papierkorb, UIDs: 1 - 1526, Heavy: false
10511 [2018-11-26 04:59:52.314] [background] [info] - remote=0, local=0
10511 [2018-11-26 04:59:52.438] [background] [info] syncFolderUIDRange for [Gmail]/Spam, UIDs: 1 - 395, Heavy: false
10511 [2018-11-26 04:59:52.766] [background] [info] - remote=5, local=5
10511 [2018-11-26 04:59:52.767] [background] [info] Sync loop deleting unlinked messages with phase 2.
10511 [2018-11-26 04:59:52.767] [background] [info] Sync loop complete.
10511 [2018-11-26 05:01:52.767] [background] [info] Syncing folder list...
10511 [2018-11-26 05:01:53.024] [background] [info] syncFolderUIDRange for [Gmail]/Alle Nachrichten, UIDs: 1 - 0, Heavy: false
10511 [2018-11-26 05:01:53.376] [background] [info] - remote=67, local=67
10511 [2018-11-26 05:01:53.503] [background] [info] syncFolderUIDRange for [Gmail]/Papierkorb, UIDs: 1 - 0, Heavy: false
10511 [2018-11-26 05:01:53.768] [background] [info] - remote=0, local=0
10511 [2018-11-26 05:01:53.895] [background] [info] syncFolderUIDRange for [Gmail]/Spam, UIDs: 1 - 0, Heavy: false
10511 [2018-11-26 05:01:54.202] [background] [info] - remote=5, local=5
10511 [2018-11-26 05:01:54.202] [background] [info] Sync loop deleting unlinked messages with phase 1.
10511 [2018-11-26 05:01:54.202] [background] [info] Sync loop complete.
10511 [2018-11-26 05:02:28.147] [foreground] [info] Idle exited with code 0
10511 [2018-11-26 05:02:28.272] [foreground] [info] syncFolderChangesViaCondstore - [Gmail]/Alle Nachrichten: modseq 135383 to 135383, uidnext 1956 to 1956
10511 [2018-11-26 05:02:28.276] [foreground] [info] Idling on folder [Gmail]/Alle Nachrichten
10511 [2018-11-26 05:03:54.202] [background] [info] Syncing folder list...
10511 [2018-11-26 05:03:54.462] [background] [info] syncFolderUIDRange for [Gmail]/Alle Nachrichten, UIDs: 1 - 1956, Heavy: false
10511 [2018-11-26 05:03:54.750] [background] [info] - remote=67, local=67
10511 [2018-11-26 05:03:54.891] [background] [info] syncFolderUIDRange for [Gmail]/Papierkorb, UIDs: 1 - 1526, Heavy: false
10511 [2018-11-26 05:03:55.147] [background] [info] - remote=0, local=0
10511 [2018-11-26 05:03:55.273] [background] [info] syncFolderUIDRange for [Gmail]/Spam, UIDs: 1 - 395, Heavy: false
10511 [2018-11-26 05:03:55.540] [background] [info] - remote=5, local=5
10511 [2018-11-26 05:03:55.541] [background] [info] Sync loop deleting unlinked messages with phase 2.
10511 [2018-11-26 05:03:55.542] [background] [info] Sync loop complete.
10511 [2018-11-26 05:05:55.542] [background] [info] Syncing folder list...
10511 [2018-11-26 05:05:55.805] [background] [info] syncFolderUIDRange for [Gmail]/Alle Nachrichten, UIDs: 1 - 1956, Heavy: false
10511 [2018-11-26 05:05:56.097] [background] [info] - remote=67, local=67
10511 [2018-11-26 05:05:56.234] [background] [info] syncFolderUIDRange for [Gmail]/Papierkorb, UIDs: 1 - 1526, Heavy: false
10511 [2018-11-26 05:05:56.490] [background] [info] - remote=0, local=0
10511 [2018-11-26 05:05:56.618] [background] [info] syncFolderUIDRange for [Gmail]/Spam, UIDs: 1 - 395, Heavy: false
10511 [2018-11-26 05:05:56.884] [background] [info] - remote=5, local=5
10511 [2018-11-26 05:05:56.886] [background] [info] Sync loop deleting unlinked messages with phase 1.
10511 [2018-11-26 05:05:56.886] [background] [info] Sync loop complete.
10511 [2018-11-26 05:07:56.887] [background] [info] Syncing folder list...
10511 [2018-11-26 05:07:57.149] [background] [info] syncFolderUIDRange for [Gmail]/Alle Nachrichten, UIDs: 1 - 1956, Heavy: false
10511 [2018-11-26 05:07:57.444] [background] [info] - remote=67, local=67
10511 [2018-11-26 05:07:57.585] [background] [info] syncFolderUIDRange for [Gmail]/Papierkorb, UIDs: 1 - 1526, Heavy: false
10511 [2018-11-26 05:07:57.839] [background] [info] - remote=0, local=0
10511 [2018-11-26 05:07:57.967] [background] [info] syncFolderUIDRange for [Gmail]/Spam, UIDs: 1 - 395, Heavy: false
10511 [2018-11-26 05:07:58.238] [background] [info] - remote=5, local=5
10511 [2018-11-26 05:07:58.239] [background] [info] Sync loop deleting unlinked messages with phase 2.
10511 [2018-11-26 05:07:58.239] [background] [info] Sync loop complete.
10511 [2018-11-26 05:09:58.239] [background] [info] Syncing folder list...
10511 [2018-11-26 05:09:58.502] [background] [info] syncFolderUIDRange for [Gmail]/Alle Nachrichten, UIDs: 1 - 1956, Heavy: false
10511 [2018-11-26 05:09:58.782] [background] [info] - remote=67, local=67
10511 [2018-11-26 05:09:58.911] [background] [info] syncFolderUIDRange for [Gmail]/Papierkorb, UIDs: 1 - 1526, Heavy: false
10511 [2018-11-26 05:09:59.166] [background] [info] - remote=0, local=0
10511 [2018-11-26 05:09:59.296] [background] [info] syncFolderUIDRange for [Gmail]/Spam, UIDs: 1 - 395, Heavy: false
10511 [2018-11-26 05:09:59.567] [background] [info] - remote=5, local=5
10511 [2018-11-26 05:09:59.567] [background] [info] Sync loop deleting unlinked messages with phase 1.
10511 [2018-11-26 05:09:59.567] [background] [info] Sync loop complete.
10511 [2018-11-26 05:10:40.004] [metadataExpiration] [info] Scanning for expired metadata
10511 [2018-11-26 05:10:40.004] [metadataExpiration] [info] -- Will wake for next expiration in 7200sec
10511 [2018-11-26 05:11:05.203] [metadata] [info] Metadata delta stream closed.
10511 [2018-11-26 05:11:05.207] [metadata] [info] Metadata delta stream starting...
10511 [2018-11-26 05:11:59.568] [background] [info] Fetching XOAuth2 access token from Gmail for 413eb2ed
10511 [2018-11-26 05:11:59.754] [background] [info] Syncing folder list...
10511 [2018-11-26 05:12:00.018] [background] [info] syncFolderUIDRange for [Gmail]/Alle Nachrichten, UIDs: 1 - 0, Heavy: false
10511 [2018-11-26 05:12:00.343] [background] [info] - remote=67, local=67
10511 [2018-11-26 05:12:00.354] [background] [info] Cleaning local cache and updating stats
10511 [2018-11-26 05:12:00.357] [background] [info] -- 0 message bodies deleted from local cache.
10511 [2018-11-26 05:12:00.490] [background] [info] syncFolderUIDRange for [Gmail]/Papierkorb, UIDs: 1 - 0, Heavy: false
10511 [2018-11-26 05:12:00.743] [background] [info] - remote=0, local=0
10511 [2018-11-26 05:12:00.743] [background] [info] Cleaning local cache and updating stats
10511 [2018-11-26 05:12:00.747] [background] [info] -- 0 message bodies deleted from local cache.
10511 [2018-11-26 05:12:00.876] [background] [info] syncFolderUIDRange for [Gmail]/Spam, UIDs: 1 - 0, Heavy: false
10511 [2018-11-26 05:12:01.145] [background] [info] - remote=5, local=5
10511 [2018-11-26 05:12:01.145] [background] [info] Cleaning local cache and updating stats
10511 [2018-11-26 05:12:01.150] [background] [info] -- 0 message bodies deleted from local cache.
10511 [2018-11-26 05:12:01.157] [background] [info] Sync loop deleting unlinked messages with phase 2.
10511 [2018-11-26 05:12:01.157] [background] [info] Sync loop complete.
10511 [2018-11-26 05:14:01.157] [background] [info] Syncing folder list...
10511 [2018-11-26 05:14:01.422] [background] [info] syncFolderUIDRange for [Gmail]/Alle Nachrichten, UIDs: 1 - 1956, Heavy: false
10511 [2018-11-26 05:14:01.710] [background] [info] - remote=67, local=67
10511 [2018-11-26 05:14:01.848] [background] [info] syncFolderUIDRange for [Gmail]/Papierkorb, UIDs: 1 - 1526, Heavy: false
10511 [2018-11-26 05:14:02.108] [background] [info] - remote=0, local=0
10511 [2018-11-26 05:14:02.233] [background] [info] syncFolderUIDRange for [Gmail]/Spam, UIDs: 1 - 395, Heavy: false
10511 [2018-11-26 05:14:02.500] [background] [info] - remote=5, local=5
10511 [2018-11-26 05:14:02.501] [background] [info] Sync loop deleting unlinked messages with phase 1.
10511 [2018-11-26 05:14:02.501] [background] [info] Sync loop complete.
10511 [2018-11-26 05:16:02.501] [background] [info] Syncing folder list...
10511 [2018-11-26 05:16:02.767] [background] [info] syncFolderUIDRange for [Gmail]/Alle Nachrichten, UIDs: 1 - 1956, Heavy: false
10511 [2018-11-26 05:16:03.052] [background] [info] - remote=67, local=67
10511 [2018-11-26 05:16:03.185] [background] [info] syncFolderUIDRange for [Gmail]/Papierkorb, UIDs: 1 - 1526, Heavy: false
10511 [2018-11-26 05:16:03.438] [background] [info] - remote=0, local=0
10511 [2018-11-26 05:16:03.565] [background] [info] syncFolderUIDRange for [Gmail]/Spam, UIDs: 1 - 395, Heavy: false
10511 [2018-11-26 05:16:03.827] [background] [info] - remote=5, local=5
10511 [2018-11-26 05:16:03.828] [background] [info] Sync loop deleting unlinked messages with phase 2.
10511 [2018-11-26 05:16:03.829] [background] [info] Sync loop complete.
